ifort -O2 -autodouble -fixed  -c aovl.f
ifort -O2 -autodouble -fixed  -c aovls.f
ifort -O2 -autodouble -fixed  -c aovlsn.f
ifort -O2 -autodouble -fixed  -c bd.f
ifort -O2 -autodouble -fixed  -c calch.f
ifort -O2 -autodouble -fixed  -c calcni.f
ifort -O2 -autodouble -fixed  -c ccint.f
ifort -O2 -autodouble -fixed  -c clcdip.f
ifort -O2 -autodouble -fixed  -c clcpci.f
ifort -O2 -autodouble -fixed  -c clcpot.f
ifort -O2 -autodouble -fixed  -c clcvhr.f
ifort -O2 -autodouble -fixed  -c clcvls.f
clcvls.f(81): remark #8291: Recommended relationship between field width 'W' and the number of fractional digits 'D' in this edit descriptor is 'W>=D+7'.
      write(6,'(/'' density : '',g10.4,'' integration errors '',
--------------------------------^
clcvls.f(81): remark #8291: Recommended relationship between field width 'W' and the number of fractional digits 'D' in this edit descriptor is 'W>=D+7'.
      write(6,'(/'' density : '',g10.4,'' integration errors '',
----------------------------------------------------------------^
clcvls.f(85): remark #8291: Recommended relationship between field width 'W' and the number of fractional digits 'D' in this edit descriptor is 'W>=D+7'.
      write(6,'('' Von Weizacker kinetic energy : '',g12.6)')
----------------------------------------------------^
clcvls.f(97): remark #8291: Recommended relationship between field width 'W' and the number of fractional digits 'D' in this edit descriptor is 'W>=D+7'.
          write(6,'(i3,5(1x,g8.2))')i,t1,t2,t3,t4,t5
-----------------------------^
ifort -O2 -autodouble -fixed  -c clnhmx.f
ifort -O2 -autodouble -fixed  -c clvkin.f
ifort -O2 -autodouble -fixed  -c cpclr.f
ifort -O2 -autodouble -fixed  -c dmp.f
ifort -O2 -autodouble -fixed  -c epsbvw.f
epsbvw.f(21): remark #7922: The value was too small when converting to REAL(KIND=8); the result is in the denormalized range.   [1.D-320]
      if (rho43.gt.1.d-320) then
-------------------^
ifort -O2 -autodouble -fixed  -c erep.f
ifort -O2 -autodouble -fixed  -c exchan.f
ifort -O2 -autodouble -fixed  -c fcalch.f
ifort -O2 -autodouble -fixed  -c fccint.f
ifort -O2 -autodouble -fixed  -c ftrans.f
ifort -O2 -autodouble -fixed  -c frcctr.f
ifort -O2 -autodouble -fixed  -c getgss.f
ifort -O2 -autodouble -fixed  -c getdmp.f
ifort -O2 -autodouble -fixed  -c hmatmo.f
ifort -O2 -autodouble -fixed  -c init.f
ifort -O2 -autodouble -fixed  -c matrix.f
ifort -O2 -autodouble -fixed  -c rddmp.f
ifort -O2 -autodouble -fixed  -c rdhfmo.f
ifort -O2 -autodouble -fixed  -c rdsmo.f
ifort -O2 -autodouble -fixed  -c rdmat.f
ifort -O2 -autodouble -fixed  -c sym.f
sym.f(25): remark #8291: Recommended relationship between field width 'W' and the number of fractional digits 'D' in this edit descriptor is 'W>=D+7'.
      write(6,'(//,'' orbital symmetry and multiplication table'',
------------------------------------------------------------------^
sym.f(323): remark #8291: Recommended relationship between field width 'W' and the number of fractional digits 'D' in this edit descriptor is 'W>=D+7'.
        write(6,'(/,'' largest forbidden integral : '',g8.2)')x
------------------------------------------------------^
ifort -O2 -autodouble -fixed  -c valgrd.f
ifort -O2 -autodouble -fixed  -c vksmat.f
ifort -O2 -autodouble -fixed  -c wmtrx.f
ifort -O2 -autodouble -fixed  -c wrtkso.f
ifort -O2 -autodouble -fixed  -c wrtorb.f
ifort -O2 -autodouble -fixed  -c ylms.f
ar -ru ../dnslib.a *.o
ar: creating ../dnslib.a
