ifort -O2 -autodouble -fixed -c clcens.f
clcens.f(71): remark #8290: Recommended relationship between field width 'W' and the number of fractional digits 'D' in this edit descriptor is 'W>=D+3'.
        write(6,'('' '',i2,''   '',f6.4,'' '',f8.4,''   '',f8.4,
--------------------------------^
ifort -O2 -autodouble -fixed -c clwxci.f
ifort -O2 -autodouble -fixed -c lrchxc.f
ifort -O2 -autodouble -fixed -c vlchxc.f
ifort -O2 -autodouble -fixed -c grdrho.f
grdrho.f(59): remark #8291: Recommended relationship between field width 'W' and the number of fractional digits 'D' in this edit descriptor is 'W>=D+7'.
      write(6,'(/''  Integration accuracy : '',4(g8.2))')
------------------------------------------------^
grdrho.f(65): remark #8291: Recommended relationship between field width 'W' and the number of fractional digits 'D' in this edit descriptor is 'W>=D+7'.
          if (tmp.gt.eps) write(6,'('' WARNING: KS orbital '',
--------------------------------------------------------------^
ifort -O2 -autodouble -fixed -c dvksmt.f
ifort -O2 -autodouble -fixed -c dbrain.f
dbrain.f(492): remark #8291: Recommended relationship between field width 'W' and the number of fractional digits 'D' in this edit descriptor is 'W>=D+7'.
              write(6,'(''WARNING Orbital '',i3,'' has '',g8.2,
-------------------------------------------------------^
dbrain.f(575): remark #8291: Recommended relationship between field width 'W' and the number of fractional digits 'D' in this edit descriptor is 'W>=D+7'.
        write(6,'(/''  error :'',f14.8,'' ('',g14.8,'')'')')tester,tstr
-------------------------------------------^
ifort -O2 -autodouble -fixed -c dsfun.f
dsfun.f(308): remark #8291: Recommended relationship between field width 'W' and the number of fractional digits 'D' in this edit descriptor is 'W>=D+7'.
      write(6,'(/'' Convergence'',/,''  itrx = '',i4,/,
-------------------------------------------------------^
dsfun.f(323): remark #8290: Recommended relationship between field width 'W' and the number of fractional digits 'D' in this edit descriptor is 'W>=D+3'.
        write(6,'(''   dqmax = '',f4.2)')dqmax
---------------------------------^
dsfun.f(348): remark #8290: Recommended relationship between field width 'W' and the number of fractional digits 'D' in this edit descriptor is 'W>=D+3'.
      if (lfield) write(6,'(/,'' Electric field : '',f6.4,
----------------------------------------------------^
dsfun.f(348): remark #8290: Recommended relationship between field width 'W' and the number of fractional digits 'D' in this edit descriptor is 'W>=D+3'.
      if (lfield) write(6,'(/,'' Electric field : '',f6.4,
----------------------------------------------------------^
dsfun.f(348): remark #8290: Recommended relationship between field width 'W' and the number of fractional digits 'D' in this edit descriptor is 'W>=D+3'.
      if (lfield) write(6,'(/,'' Electric field : '',f6.4,
----------------------------------------------------------^
ifort -O2 -autodouble -fixed -c brains.f
brains.f(601): remark #8291: Recommended relationship between field width 'W' and the number of fractional digits 'D' in this edit descriptor is 'W>=D+7'.
              write(6,'(''WARNING Orbital '',i3,'' has '',g8.2,
-------------------------------------------------------^
brains.f(684): remark #8291: Recommended relationship between field width 'W' and the number of fractional digits 'D' in this edit descriptor is 'W>=D+7'.
        write(6,'(/''  error :'',f14.8,'' ('',g14.8,'')'')')tester,tstr
-------------------------------------------^
brains.f(1390): remark #8290: Recommended relationship between field width 'W' and the number of fractional digits 'D' in this edit descriptor is 'W>=D+3'.
      write(6,'(''occnoa   : '',8(1x,f12.10))')
------------------------------------^
ifort -O2 -autodouble -fixed -c sntial.f
ifort -O2 -autodouble -fixed -c vntial.f
ifort  -O2 -autodouble -fixed -o ../bin/dsfun *.o ../lib/xclib.a  
brains.o: In function `brains_':
brains.f:(.text+0x1260): undefined reference to `hmatmo_'
brains.f:(.text+0x129f): undefined reference to `orbsym_'
brains.f:(.text+0x12c4): undefined reference to `hsym_'
brains.f:(.text+0x1780): undefined reference to `rdmat_'
brains.f:(.text+0x185e): undefined reference to `rddmp_'
brains.f:(.text+0x18c3): undefined reference to `rddmp_'
brains.f:(.text+0x2184): undefined reference to `clcvhr_'
brains.f:(.text+0x21ac): undefined reference to `tmtdag_'
brains.f:(.text+0x21c9): undefined reference to `clcdip_'
brains.f:(.text+0x24fc): undefined reference to `clcvls_'
brains.f:(.text+0x2584): undefined reference to `clcvls_'
brains.f:(.text+0x46cc): undefined reference to `clcvhr_'
brains.f:(.text+0x4752): undefined reference to `clcvhr_'
brains.f:(.text+0x4cfc): undefined reference to `vksmts_'
brains.f:(.text+0x4d2a): undefined reference to `vksmat_'
brains.f:(.text+0x4e1c): undefined reference to `sqrmat_'
brains.f:(.text+0x4e32): undefined reference to `diaglz_'
brains.f:(.text+0x5f71): undefined reference to `tmtdag_'
brains.f:(.text+0x5f98): undefined reference to `tmtdag_'
brains.f:(.text+0x6126): undefined reference to `erep_'
brains.f:(.text+0x6180): undefined reference to `valmat_'
brains.f:(.text+0x656f): undefined reference to `clcdip_'
brains.f:(.text+0x6c93): undefined reference to `frcctr_'
brains.f:(.text+0x6fe2): undefined reference to `tmtdag_'
brains.f:(.text+0x7009): undefined reference to `tmtdag_'
brains.f:(.text+0x7b3f): undefined reference to `wrtorb_'
brains.f:(.text+0x7c0f): undefined reference to `clcpot_'
brains.f:(.text+0x7c50): undefined reference to `wrtkso_'
brains.f:(.text+0x7d93): undefined reference to `prvec_'
brains.f:(.text+0x7db1): undefined reference to `wmtrx_'
brains.f:(.text+0x7e12): undefined reference to `tmtdag_'
brains.f:(.text+0x7e3b): undefined reference to `tmtdag_'
brains.f:(.text+0x80ba): undefined reference to `erep_'
brains.f:(.text+0x80e0): undefined reference to `erep_'
brains.f:(.text+0x8874): undefined reference to `tmtdag_'
brains.f:(.text+0x889a): undefined reference to `tmtdag_'
brains.f:(.text+0x8e94): undefined reference to `sqrmat_'
brains.f:(.text+0x8ea5): undefined reference to `sqrmat_'
brains.f:(.text+0x8eb6): undefined reference to `sqrmat_'
brains.f:(.text+0x8ec7): undefined reference to `sqrmat_'
brains.f:(.text+0x8edf): undefined reference to `diaglz_'
brains.f:(.text+0x8ef7): undefined reference to `diaglz_'
brains.f:(.text+0x8f0f): undefined reference to `diaglz_'
brains.f:(.text+0x8f27): undefined reference to `diaglz_'
brains.f:(.text+0xa2cb): undefined reference to `tmtdag_'
brains.f:(.text+0xa2f1): undefined reference to `erep_'
brains.f:(.text+0xa52b): undefined reference to `tmtdag_'
brains.f:(.text+0xa551): undefined reference to `erep_'
brains.f:(.text+0xa9a2): undefined reference to `tmtdag_'
brains.f:(.text+0xa9c8): undefined reference to `erep_'
brains.f:(.text+0xad03): undefined reference to `tmtdag_'
brains.f:(.text+0xad29): undefined reference to `erep_'
brains.f:(.text+0xaf8e): undefined reference to `search_'
brains.f:(.text+0xafb0): undefined reference to `find_'
brains.f:(.text+0xafc3): undefined reference to `get_'
brains.f:(.text+0xafff): undefined reference to `unpack_'
brains.f:(.text+0xb092): undefined reference to `nrperm_'
brains.f:(.text+0xd0d9): undefined reference to `wmtrx_'
brains.f:(.text+0xd0f6): undefined reference to `tmtdag_'
brains.f:(.text+0xd118): undefined reference to `erep_'
brains.f:(.text+0xe715): undefined reference to `vksmts_'
brains.f:(.text+0xe742): undefined reference to `vksmat_'
clcens.o: In function `clcens_':
clcens.f:(.text+0x403): undefined reference to `minvr_'
clcens.f:(.text+0x65a): undefined reference to `tmtdag_'
clcens.f:(.text+0x675): undefined reference to `erep_'
clwxci.o: In function `clwxci_':
clwxci.f:(.text+0x84): undefined reference to `search_'
clwxci.f:(.text+0xb0): undefined reference to `find_'
clwxci.f:(.text+0xc0): undefined reference to `get_'
clwxci.f:(.text+0xf3): undefined reference to `unpack_'
clwxci.f:(.text+0x18f): undefined reference to `nrperm_'
dbrain.o: In function `dbrain_':
dbrain.f:(.text+0xefb): undefined reference to `hmatmo_'
dbrain.f:(.text+0xf3a): undefined reference to `orbsym_'
dbrain.f:(.text+0xf5f): undefined reference to `hsym_'
dbrain.f:(.text+0x1410): undefined reference to `rdmat_'
dbrain.f:(.text+0x14c1): undefined reference to `rddmp_'
dbrain.f:(.text+0x1d67): undefined reference to `tmtdag_'
dbrain.f:(.text+0x1d84): undefined reference to `clcdip_'
dbrain.f:(.text+0x20bb): undefined reference to `clcvls_'
dbrain.f:(.text+0x369e): undefined reference to `vksmts_'
dbrain.f:(.text+0x36d1): undefined reference to `vksmat_'
dbrain.f:(.text+0x36f0): undefined reference to `clcvhr_'
dbrain.f:(.text+0x37df): undefined reference to `sqrmat_'
dbrain.f:(.text+0x37f7): undefined reference to `diaglz_'
dbrain.f:(.text+0x49b2): undefined reference to `tmtdag_'
dbrain.f:(.text+0x49db): undefined reference to `tmtdag_'
dbrain.f:(.text+0x4b69): undefined reference to `erep_'
dbrain.f:(.text+0x4bd0): undefined reference to `valmat_'
dbrain.f:(.text+0x4fe8): undefined reference to `clcdip_'
dbrain.f:(.text+0x570a): undefined reference to `frcctr_'
dbrain.f:(.text+0x5a6e): undefined reference to `tmtdag_'
dbrain.f:(.text+0x5a97): undefined reference to `tmtdag_'
dbrain.f:(.text+0x6267): undefined reference to `wrtorb_'
dbrain.f:(.text+0x6338): undefined reference to `clcpot_'
dbrain.f:(.text+0x6378): undefined reference to `wrtkso_'
dbrain.f:(.text+0x64c8): undefined reference to `prvec_'
dbrain.f:(.text+0x64e9): undefined reference to `wmtrx_'
dbrain.f:(.text+0x6546): undefined reference to `tmtdag_'
dbrain.f:(.text+0x656f): undefined reference to `tmtdag_'
dbrain.f:(.text+0x67fa): undefined reference to `erep_'
dbrain.f:(.text+0x6820): undefined reference to `erep_'
dbrain.f:(.text+0x7210): undefined reference to `wmtrx_'
dbrain.f:(.text+0x7230): undefined reference to `tmtdag_'
dbrain.f:(.text+0x7252): undefined reference to `erep_'
dbrain.f:(.text+0x746f): undefined reference to `tmtdag_'
dbrain.f:(.text+0x7495): undefined reference to `tmtdag_'
dbrain.f:(.text+0x7eed): undefined reference to `getdmp_'
dbrain.f:(.text+0x811c): undefined reference to `minvr_'
dbrain.f:(.text+0x823a): undefined reference to `matml_'
dbrain.f:(.text+0x8449): undefined reference to `matml_'
dbrain.f:(.text+0x8b4e): undefined reference to `tmtdag_'
dbrain.f:(.text+0x8b74): undefined reference to `erep_'
dbrain.f:(.text+0x8d7c): undefined reference to `search_'
dbrain.f:(.text+0x8da2): undefined reference to `find_'
dbrain.f:(.text+0x8db5): undefined reference to `get_'
dbrain.f:(.text+0x8dee): undefined reference to `unpack_'
dbrain.f:(.text+0x8e7f): undefined reference to `nrperm_'
dbrain.f:(.text+0xbba1): undefined reference to `minvr_'
dbrain.f:(.text+0xbbc0): undefined reference to `matml_'
dbrain.f:(.text+0xd103): undefined reference to `vksmts_'
dbrain.f:(.text+0xd136): undefined reference to `vksmat_'
dsfun.o: In function `MAIN__':
dsfun.f:(.text+0x3e): undefined reference to `prep99_'
dsfun.f:(.text+0x6d): undefined reference to `tidajt_'
dsfun.f:(.text+0x2b3): undefined reference to `givtim_'
dsfun.f:(.text+0x42a): undefined reference to `reada_'
dsfun.f:(.text+0x448): undefined reference to `locatc_'
dsfun.f:(.text+0x488): undefined reference to `getgss_'
dsfun.f:(.text+0x103d): undefined reference to `inpf_'
dsfun.f:(.text+0x105c): undefined reference to `inpf_'
dsfun.f:(.text+0x107a): undefined reference to `inpf_'
dsfun.f:(.text+0x10a0): undefined reference to `inpi_'
dsfun.f:(.text+0x10af): undefined reference to `inpi_'
dsfun.f:(.text+0x10be): undefined reference to `inpi_'
dsfun.f:(.text+0x10e4): undefined reference to `inpf_'
dsfun.f:(.text+0x11a5): undefined reference to `inpi_'
dsfun.f:(.text+0x11b9): undefined reference to `inpi_'
dsfun.f:(.text+0x11ca): undefined reference to `inpi_'
dsfun.f:(.text+0x11db): undefined reference to `inpi_'
dsfun.f:(.text+0x11e7): undefined reference to `inpi_'
dsfun.o:dsfun.f:(.text+0x11f3): more undefined references to `inpi_' follow
dsfun.o: In function `MAIN__':
dsfun.f:(.text+0x125c): undefined reference to `inpf_'
dsfun.f:(.text+0x126b): undefined reference to `inpf_'
dsfun.f:(.text+0x127a): undefined reference to `inpf_'
dsfun.f:(.text+0x129b): undefined reference to `inpa_'
dsfun.f:(.text+0x1365): undefined reference to `inpf_'
dsfun.f:(.text+0x1379): undefined reference to `inpf_'
dsfun.f:(.text+0x13a1): undefined reference to `inpf_'
dsfun.f:(.text+0x1447): undefined reference to `inpf_'
dsfun.f:(.text+0x1458): undefined reference to `inpi_'
dsfun.f:(.text+0x1467): undefined reference to `inpf_'
dsfun.f:(.text+0x14a9): undefined reference to `inpf_'
dsfun.f:(.text+0x151c): undefined reference to `inpi_'
dsfun.f:(.text+0x159f): undefined reference to `input_'
dsfun.f:(.text+0x1914): undefined reference to `revind_'
dsfun.f:(.text+0x191b): undefined reference to `secsum_'
dsfun.f:(.text+0x1922): undefined reference to `whtps_'
dsfun.f:(.text+0x1939): undefined reference to `givtim_'
dsfun.f:(.text+0x1a54): undefined reference to `inpi_'
dsfun.f:(.text+0x1d57): undefined reference to `cinput_'
dsfun.f:(.text+0x1d66): undefined reference to `erroutf_'
dsfun.f:(.text+0x1d77): undefined reference to `caserr_'
dsfun.o: In function `passdf_':
dsfun.f:(.text+0x1d92): undefined reference to `reada_'
dsfun.f:(.text+0x1db0): undefined reference to `locatc_'
dvksmt.o: In function `dvksmt_':
dvksmt.f:(.text+0x7b1): undefined reference to `minvr_'
grdrho.o: In function `grdrho_':
grdrho.f:(.text+0x209): undefined reference to `valmat_'
grdrho.f:(.text+0x26d): undefined reference to `valgrd_'
grdrho.f:(.text+0x2ca): undefined reference to `valsgrd_'
sntial.o: In function `sntial_':
sntial.f:(.text+0xef): undefined reference to `epsvwn_'
sntial.f:(.text+0x106): undefined reference to `epsbek_'
vntial.o: In function `vntial_':
vntial.f:(.text+0xe2): undefined reference to `epsvwn_'
vntial.f:(.text+0xf9): undefined reference to `epsbek_'
make: *** [../bin/dsfun] Błąd 1
